<?xml version="1.0" encoding="UTF-8"?>
<testng-results skipped="0" failed="1" ignored="0" total="5" passed="4">
  <reporter-output>
  </reporter-output>
  <suite name="Myntra.com Test" duration-ms="188766" started-at="2020-10-22T10:13:12Z" finished-at="2020-10-22T10:16:20Z">
    <groups>
    </groups>
    <test name="Test" duration-ms="188766" started-at="2020-10-22T10:13:12Z" finished-at="2020-10-22T10:16:20Z">
      <class name="com.myntra.tests.SearchProductTestCases">
        <test-method status="PASS" signature="beforeMethod()[pri:0, instance:com.myntra.tests.SearchProductTestCases@6c17c0f8]" name="beforeMethod" is-config="true" duration-ms="10844" started-at="2020-10-22T15:43:12Z" finished-at="2020-10-22T15:43:23Z">
          <reporter-output>
          </reporter-output>
        </test-method> <!-- beforeMethod -->
        <test-method status="PASS" signature="verifyHomePageTitileTest()[pri:0, instance:com.myntra.tests.SearchProductTestCases@6c17c0f8]" name="verifyHomePageTitileTest" duration-ms="200" started-at="2020-10-22T15:43:23Z" description="go  to myntra.com and Verify Home page title" finished-at="2020-10-22T15:43:23Z">
          <reporter-output>
          </reporter-output>
        </test-method> <!-- verifyHomePageTitileTest -->
        <test-method status="PASS" signature="afterMethod()[pri:0, instance:com.myntra.tests.SearchProductTestCases@6c17c0f8]" name="afterMethod" is-config="true" duration-ms="978" started-at="2020-10-22T15:43:23Z" finished-at="2020-10-22T15:43:24Z">
          <reporter-output>
          </reporter-output>
        </test-method> <!-- afterMethod -->
        <test-method status="PASS" signature="beforeMethod()[pri:0, instance:com.myntra.tests.SearchProductTestCases@6c17c0f8]" name="beforeMethod" is-config="true" duration-ms="8128" started-at="2020-10-22T15:43:24Z" finished-at="2020-10-22T15:43:32Z">
          <reporter-output>
          </reporter-output>
        </test-method> <!-- beforeMethod -->
        <test-method status="PASS" signature="sortProductByPriceLowToHigh()[pri:1, instance:com.myntra.tests.SearchProductTestCases@6c17c0f8]" name="sortProductByPriceLowToHigh" duration-ms="4278" started-at="2020-10-22T15:43:32Z" description="go  to myntra.com and Search the shoes and apply low to high sorting " finished-at="2020-10-22T15:43:36Z">
          <reporter-output>
          </reporter-output>
        </test-method> <!-- sortProductByPriceLowToHigh -->
        <test-method status="PASS" signature="afterMethod()[pri:0, instance:com.myntra.tests.SearchProductTestCases@6c17c0f8]" name="afterMethod" is-config="true" duration-ms="1098" started-at="2020-10-22T15:43:36Z" finished-at="2020-10-22T15:43:37Z">
          <reporter-output>
          </reporter-output>
        </test-method> <!-- afterMethod -->
        <test-method status="PASS" signature="beforeMethod()[pri:0, instance:com.myntra.tests.SearchProductTestCases@6c17c0f8]" name="beforeMethod" is-config="true" duration-ms="7656" started-at="2020-10-22T15:43:37Z" finished-at="2020-10-22T15:43:45Z">
          <reporter-output>
          </reporter-output>
        </test-method> <!-- beforeMethod -->
        <test-method status="PASS" signature="filterProductByBrand()[pri:2, instance:com.myntra.tests.SearchProductTestCases@6c17c0f8]" name="filterProductByBrand" duration-ms="26069" started-at="2020-10-22T15:43:45Z" description="go  to myntra.com and Search the shoes and filter the shoes by brand name and click on first search product" finished-at="2020-10-22T15:44:11Z">
          <reporter-output>
          </reporter-output>
        </test-method> <!-- filterProductByBrand -->
        <test-method status="PASS" signature="afterMethod()[pri:0, instance:com.myntra.tests.SearchProductTestCases@6c17c0f8]" name="afterMethod" is-config="true" duration-ms="866" started-at="2020-10-22T15:44:11Z" finished-at="2020-10-22T15:44:12Z">
          <reporter-output>
          </reporter-output>
        </test-method> <!-- afterMethod -->
        <test-method status="PASS" signature="beforeMethod()[pri:0, instance:com.myntra.tests.SearchProductTestCases@6c17c0f8]" name="beforeMethod" is-config="true" duration-ms="7737" started-at="2020-10-22T15:44:12Z" finished-at="2020-10-22T15:44:20Z">
          <reporter-output>
          </reporter-output>
        </test-method> <!-- beforeMethod -->
        <test-method status="PASS" signature="selectFirstSearchProduct()[pri:3, instance:com.myntra.tests.SearchProductTestCases@6c17c0f8]" name="selectFirstSearchProduct" duration-ms="49922" started-at="2020-10-22T15:44:20Z" description="go  to myntra.com and Search the shoes and select first searched product" finished-at="2020-10-22T15:45:09Z">
          <reporter-output>
          </reporter-output>
        </test-method> <!-- selectFirstSearchProduct -->
        <test-method status="PASS" signature="afterMethod()[pri:0, instance:com.myntra.tests.SearchProductTestCases@6c17c0f8]" name="afterMethod" is-config="true" duration-ms="880" started-at="2020-10-22T15:45:09Z" finished-at="2020-10-22T15:45:10Z">
          <reporter-output>
          </reporter-output>
        </test-method> <!-- afterMethod -->
        <test-method status="PASS" signature="beforeMethod()[pri:0, instance:com.myntra.tests.SearchProductTestCases@6c17c0f8]" name="beforeMethod" is-config="true" duration-ms="9225" started-at="2020-10-22T15:45:10Z" finished-at="2020-10-22T15:45:20Z">
          <reporter-output>
          </reporter-output>
        </test-method> <!-- beforeMethod -->
        <test-method status="FAIL" signature="checkOutFromCart()[pri:4, instance:com.myntra.tests.SearchProductTestCases@6c17c0f8]" name="checkOutFromCart" duration-ms="59627" started-at="2020-10-22T15:45:20Z" description="go  to myntra.com and Search the shoes and select first searched product and Add to Bag and Checkout" finished-at="2020-10-22T15:46:19Z">
          <exception class="org.openqa.selenium.NoSuchElementException">
            <message>
              <![CDATA[no such element: Unable to locate element: {"method":"css selector","selector":".itemContainer\-base\-brand"}
  (Session info: chrome=86.0.4240.75)
For documentation on this error, please visit: https://www.seleniumhq.org/exceptions/no_such_element.html
Build info: version: '3.141.59', revision: 'e82be7d358', time: '2018-11-14T08:17:03'
System info: host: 'PF0S7C2U', ip: '192.168.56.1', os.name: 'Windows 10', os.arch: 'amd64', os.version: '10.0', java.version: '1.8.0_144'
Driver info: org.openqa.selenium.chrome.ChromeDriver
Capabilities {acceptInsecureCerts: false, browserName: chrome, browserVersion: 86.0.4240.75, chrome: {chromedriverVersion: 86.0.4240.22 (398b0743353ff..., userDataDir: C:\Users\dsq2645\AppData\Lo...}, goog:chromeOptions: {debuggerAddress: localhost:62465}, javascriptEnabled: true, networkConnectionEnabled: false, pageLoadStrategy: normal, platform: WINDOWS, platformName: WINDOWS, proxy: Proxy(), setWindowRect: true, strictFileInteractability: false, timeouts: {implicit: 0, pageLoad: 300000, script: 30000}, unhandledPromptBehavior: dismiss and notify, webauthn:virtualAuthenticators: true}
Session ID: 3f8b14b453c41a17f701dc5936ed31ea
*** Element info: {Using=class name, value=itemContainer-base-brand}]]>
            </message>
            <full-stacktrace>
              <![CDATA[org.openqa.selenium.NoSuchElementException: no such element: Unable to locate element: {"method":"css selector","selector":".itemContainer\-base\-brand"}
  (Session info: chrome=86.0.4240.75)
For documentation on this error, please visit: https://www.seleniumhq.org/exceptions/no_such_element.html
Build info: version: '3.141.59', revision: 'e82be7d358', time: '2018-11-14T08:17:03'
System info: host: 'PF0S7C2U', ip: '192.168.56.1', os.name: 'Windows 10', os.arch: 'amd64', os.version: '10.0', java.version: '1.8.0_144'
Driver info: org.openqa.selenium.chrome.ChromeDriver
Capabilities {acceptInsecureCerts: false, browserName: chrome, browserVersion: 86.0.4240.75, chrome: {chromedriverVersion: 86.0.4240.22 (398b0743353ff..., userDataDir: C:\Users\dsq2645\AppData\Lo...}, goog:chromeOptions: {debuggerAddress: localhost:62465}, javascriptEnabled: true, networkConnectionEnabled: false, pageLoadStrategy: normal, platform: WINDOWS, platformName: WINDOWS, proxy: Proxy(), setWindowRect: true, strictFileInteractability: false, timeouts: {implicit: 0, pageLoad: 300000, script: 30000}, unhandledPromptBehavior: dismiss and notify, webauthn:virtualAuthenticators: true}
Session ID: 3f8b14b453c41a17f701dc5936ed31ea
*** Element info: {Using=class name, value=itemContainer-base-brand}
	at sun.reflect.NativeConstructorAccessorImpl.newInstance0(Native Method)
	at sun.reflect.NativeConstructorAccessorImpl.newInstance(NativeConstructorAccessorImpl.java:62)
	at sun.reflect.DelegatingConstructorAccessorImpl.newInstance(DelegatingConstructorAccessorImpl.java:45)
	at java.lang.reflect.Constructor.newInstance(Constructor.java:423)
	at org.openqa.selenium.remote.http.W3CHttpResponseCodec.createException(W3CHttpResponseCodec.java:187)
	at org.openqa.selenium.remote.http.W3CHttpResponseCodec.decode(W3CHttpResponseCodec.java:122)
	at org.openqa.selenium.remote.http.W3CHttpResponseCodec.decode(W3CHttpResponseCodec.java:49)
	at org.openqa.selenium.remote.HttpCommandExecutor.execute(HttpCommandExecutor.java:158)
	at org.openqa.selenium.remote.service.DriverCommandExecutor.execute(DriverCommandExecutor.java:83)
	at org.openqa.selenium.remote.RemoteWebDriver.execute(RemoteWebDriver.java:552)
	at org.openqa.selenium.remote.RemoteWebDriver.findElement(RemoteWebDriver.java:323)
	at org.openqa.selenium.remote.RemoteWebDriver.findElementByClassName(RemoteWebDriver.java:412)
	at org.openqa.selenium.By$ByClassName.findElement(By.java:389)
	at org.openqa.selenium.remote.RemoteWebDriver.findElement(RemoteWebDriver.java:315)
	at org.openqa.selenium.support.pagefactory.DefaultElementLocator.findElement(DefaultElementLocator.java:69)
	at org.openqa.selenium.support.pagefactory.internal.LocatingElementHandler.invoke(LocatingElementHandler.java:38)
	at com.sun.proxy.$Proxy44.getText(Unknown Source)
	at com.myntra.pages.MyBagPage.checkOut(MyBagPage.java:36)
	at com.myntra.tests.SearchProductTestCases.checkOutFromCart(SearchProductTestCases.java:68)
	at sun.reflect.NativeMethodAccessorImpl.invoke0(Native Method)
	at sun.reflect.NativeMethodAccessorImpl.invoke(NativeMethodAccessorImpl.java:62)
	at sun.reflect.DelegatingMethodAccessorImpl.invoke(DelegatingMethodAccessorImpl.java:43)
	at java.lang.reflect.Method.invoke(Method.java:498)
	at org.testng.internal.MethodInvocationHelper.invokeMethod(MethodInvocationHelper.java:104)
	at org.testng.internal.Invoker.invokeMethod(Invoker.java:645)
	at org.testng.internal.Invoker.invokeTestMethod(Invoker.java:851)
	at org.testng.internal.Invoker.invokeTestMethods(Invoker.java:1177)
	at org.testng.internal.TestMethodWorker.invokeTestMethods(TestMethodWorker.java:129)
	at org.testng.internal.TestMethodWorker.run(TestMethodWorker.java:112)
	at org.testng.TestRunner.privateRun(TestRunner.java:756)
	at org.testng.TestRunner.run(TestRunner.java:610)
	at org.testng.SuiteRunner.runTest(SuiteRunner.java:387)
	at org.testng.SuiteRunner.runSequentially(SuiteRunner.java:382)
	at org.testng.SuiteRunner.privateRun(SuiteRunner.java:340)
	at org.testng.SuiteRunner.run(SuiteRunner.java:289)
	at org.testng.SuiteRunnerWorker.runSuite(SuiteRunnerWorker.java:52)
	at org.testng.SuiteRunnerWorker.run(SuiteRunnerWorker.java:86)
	at org.testng.TestNG.runSuitesSequentially(TestNG.java:1293)
	at org.testng.TestNG.runSuitesLocally(TestNG.java:1218)
	at org.testng.TestNG.runSuites(TestNG.java:1133)
	at org.testng.TestNG.run(TestNG.java:1104)
	at org.apache.maven.surefire.testng.TestNGExecutor.run(TestNGExecutor.java:295)
	at org.apache.maven.surefire.testng.TestNGXmlTestSuite.execute(TestNGXmlTestSuite.java:84)
	at org.apache.maven.surefire.testng.TestNGProvider.invoke(TestNGProvider.java:90)
	at sun.reflect.NativeMethodAccessorImpl.invoke0(Native Method)
	at sun.reflect.NativeMethodAccessorImpl.invoke(NativeMethodAccessorImpl.java:62)
	at sun.reflect.DelegatingMethodAccessorImpl.invoke(DelegatingMethodAccessorImpl.java:43)
	at java.lang.reflect.Method.invoke(Method.java:498)
	at org.apache.maven.surefire.util.ReflectionUtils.invokeMethodWithArray2(ReflectionUtils.java:208)
	at org.apache.maven.surefire.booter.ProviderFactory$ProviderProxy.invoke(ProviderFactory.java:155)
	at org.apache.maven.surefire.booter.ProviderFactory.invokeProvider(ProviderFactory.java:81)
	at org.apache.maven.plugin.surefire.InPluginVMSurefireStarter.runSuitesInProcess(InPluginVMSurefireStarter.java:82)
	at org.apache.maven.plugin.surefire.AbstractSurefireMojo.executeProvider(AbstractSurefireMojo.java:974)
	at org.apache.maven.plugin.surefire.AbstractSurefireMojo.executeAfterPreconditionsChecked(AbstractSurefireMojo.java:824)
	at org.apache.maven.plugin.surefire.AbstractSurefireMojo.execute(AbstractSurefireMojo.java:722)
	at org.apache.maven.plugin.DefaultBuildPluginManager.executeMojo(DefaultBuildPluginManager.java:137)
	at org.apache.maven.lifecycle.internal.MojoExecutor.execute(MojoExecutor.java:208)
	at org.apache.maven.lifecycle.internal.MojoExecutor.execute(MojoExecutor.java:154)
	at org.apache.maven.lifecycle.internal.MojoExecutor.execute(MojoExecutor.java:146)
	at org.apache.maven.lifecycle.internal.LifecycleModuleBuilder.buildProject(LifecycleModuleBuilder.java:117)
	at org.apache.maven.lifecycle.internal.LifecycleModuleBuilder.buildProject(LifecycleModuleBuilder.java:81)
	at org.apache.maven.lifecycle.internal.builder.singlethreaded.SingleThreadedBuilder.build(SingleThreadedBuilder.java:56)
	at org.apache.maven.lifecycle.internal.LifecycleStarter.execute(LifecycleStarter.java:128)
	at org.apache.maven.DefaultMaven.doExecute(DefaultMaven.java:305)
	at org.apache.maven.DefaultMaven.doExecute(DefaultMaven.java:192)
	at org.apache.maven.DefaultMaven.execute(DefaultMaven.java:105)
	at org.apache.maven.cli.MavenCli.execute(MavenCli.java:956)
	at org.apache.maven.cli.MavenCli.doMain(MavenCli.java:290)
	at org.apache.maven.cli.MavenCli.main(MavenCli.java:194)
	at sun.reflect.NativeMethodAccessorImpl.invoke0(Native Method)
	at sun.reflect.NativeMethodAccessorImpl.invoke(NativeMethodAccessorImpl.java:62)
	at sun.reflect.DelegatingMethodAccessorImpl.invoke(DelegatingMethodAccessorImpl.java:43)
	at java.lang.reflect.Method.invoke(Method.java:498)
	at org.codehaus.plexus.classworlds.launcher.Launcher.launchEnhanced(Launcher.java:289)
	at org.codehaus.plexus.classworlds.launcher.Launcher.launch(Launcher.java:229)
	at org.codehaus.plexus.classworlds.launcher.Launcher.mainWithExitCode(Launcher.java:415)
	at org.codehaus.plexus.classworlds.launcher.Launcher.main(Launcher.java:356)
]]>
            </full-stacktrace>
          </exception> <!-- org.openqa.selenium.NoSuchElementException -->
          <reporter-output>
          </reporter-output>
        </test-method> <!-- checkOutFromCart -->
        <test-method status="PASS" signature="afterMethod()[pri:0, instance:com.myntra.tests.SearchProductTestCases@6c17c0f8]" name="afterMethod" is-config="true" duration-ms="824" started-at="2020-10-22T15:46:20Z" finished-at="2020-10-22T15:46:20Z">
          <reporter-output>
          </reporter-output>
        </test-method> <!-- afterMethod -->
      </class> <!-- com.myntra.tests.SearchProductTestCases -->
    </test> <!-- Test -->
  </suite> <!-- Myntra.com Test -->
</testng-results>
